2017-11-01 14:06:58.364  INFO 6380 --- [main] com.ptae.consumer.Application            : No active profile set, falling back to default profiles: default
2017-11-01 14:06:59.600  INFO 6380 --- [main] o.s.cloud.context.scope.GenericScope     : BeanFactory id=5538b972-d9a3-3015-99e2-c9a829a38479
2017-11-01 14:06:59.714  INFO 6380 --- [main] f.a.AutowiredAnnotationBeanPostProcessor : JSR-330 'javax.inject.Inject' annotation found and supported for autowiring
2017-11-01 14:06:59.843  INFO 6380 --- [main] trationDelegate$BeanPostProcessorChecker : Bean 'com.ptae.consumer.service.AddressService' of type [org.springframework.cloud.netflix.feign.FeignClientFactoryBean] is not eligible for getting processed by all BeanPostProcessors (for example: not eligible for auto-proxying)
2017-11-01 14:06:59.847  INFO 6380 --- [main] trationDelegate$BeanPostProcessorChecker : Bean 'com.ptae.consumer.service.LoginService' of type [org.springframework.cloud.netflix.feign.FeignClientFactoryBean] is not eligible for getting processed by all BeanPostProcessors (for example: not eligible for auto-proxying)
2017-11-01 14:07:00.082  INFO 6380 --- [main] trationDelegate$BeanPostProcessorChecker : Bean 'org.springframework.transaction.annotation.ProxyTransactionManagementConfiguration' of type [org.springframework.transaction.annotation.ProxyTransactionManagementConfiguration$$EnhancerBySpringCGLIB$$9596a5c4] is not eligible for getting processed by all BeanPostProcessors (for example: not eligible for auto-proxying)
2017-11-01 14:07:00.461  INFO 6380 --- [main] trationDelegate$BeanPostProcessorChecker : Bean 'org.springframework.cloud.autoconfigure.ConfigurationPropertiesRebinderAutoConfiguration' of type [org.springframework.cloud.autoconfigure.ConfigurationPropertiesRebinderAutoConfiguration$$EnhancerBySpringCGLIB$$b1b0a8c1] is not eligible for getting processed by all BeanPostProcessors (for example: not eligible for auto-proxying)
2017-11-01 14:07:01.549  INFO 6380 --- [main] o.apache.catalina.core.StandardService   : Starting service Tomcat
2017-11-01 14:07:01.551  INFO 6380 --- [main] org.apache.catalina.core.StandardEngine  : Starting Servlet Engine: Apache Tomcat/8.5.11
2017-11-01 14:07:01.795  INFO 6380 --- [localhost-startStop-1] o.a.c.c.C.[Tomcat].[localhost].[/]       : Initializing Spring embedded WebApplicationContext
2017-11-01 14:07:01.795  INFO 6380 --- [localhost-startStop-1] o.s.web.context.ContextLoader            : Root WebApplicationContext: initialization completed in 3414 ms
2017-11-01 14:07:02.233  INFO 6380 --- [main] s.c.a.AnnotationConfigApplicationContext : Refreshing org.springframework.context.annotation.AnnotationConfigApplicationContext@383caf89: startup date [Wed Nov 01 14:07:02 GMT+08:00 2017]; parent: org.springframework.boot.context.embedded.AnnotationConfigEmbeddedWebApplicationContext@678040b3
2017-11-01 14:07:02.256  INFO 6380 --- [main] f.a.AutowiredAnnotationBeanPostProcessor : JSR-330 'javax.inject.Inject' annotation found and supported for autowiring
2017-11-01 14:07:03.525  INFO 6380 --- [main] s.w.s.m.m.a.RequestMappingHandlerAdapter : Looking for @ControllerAdvice: org.springframework.boot.context.embedded.AnnotationConfigEmbeddedWebApplicationContext@678040b3: startup date [Wed Nov 01 14:06:58 GMT+08:00 2017]; parent: org.springframework.context.annotation.AnnotationConfigApplicationContext@1e4f4a5c
2017-11-01 14:07:03.622  INFO 6380 --- [main] s.w.s.m.m.a.RequestMappingHandlerMapping : Mapped "{[/time/{phoneNum}],methods=[POST]}" onto public java.util.Map<java.lang.String, java.lang.Object> com.ptae.consumer.controller.LoginController.getTime(java.lang.String,java.lang.String)
2017-11-01 14:07:03.623  INFO 6380 --- [main] s.w.s.m.m.a.RequestMappingHandlerMapping : Mapped "{[/login/{phoneNum}],methods=[POST]}" onto public java.util.Map<java.lang.String, java.lang.Object> com.ptae.consumer.controller.LoginController.login(java.lang.String,java.lang.String)
2017-11-01 14:07:03.623  INFO 6380 --- [main] s.w.s.m.m.a.RequestMappingHandlerMapping : Mapped "{[/sentAuthCode/{phoneNum}],methods=[POST]}" onto public java.util.Map<java.lang.String, java.lang.Object> com.ptae.consumer.controller.LoginController.sentMessage(java.lang.String,java.lang.String)
2017-11-01 14:07:03.624  INFO 6380 --- [main] s.w.s.m.m.a.RequestMappingHandlerMapping : Mapped "{[/isLogined/{phoneNum}],methods=[POST]}" onto public java.util.Map<java.lang.String, java.lang.Object> com.ptae.consumer.controller.LoginController.isRegister(java.lang.String,java.lang.String)
2017-11-01 14:07:03.624  INFO 6380 --- [main] s.w.s.m.m.a.RequestMappingHandlerMapping : Mapped "{[/logout/{phoneNum}],methods=[POST]}" onto public java.util.Map<java.lang.String, java.lang.Object> com.ptae.consumer.controller.LoginController.logout(java.lang.String,java.lang.String)
2017-11-01 14:07:03.628  INFO 6380 --- [main] s.w.s.m.m.a.RequestMappingHandlerMapping : Mapped "{[/provider-auth/address/{phoneNum}],methods=[POST]}" onto public abstract java.util.Map<java.lang.String, java.lang.Object> com.ptae.auth.api.AddressControllerRemoteApi.updateAddress(java.lang.String,java.lang.String,com.ptae.auth.api.model.AppAddress)
2017-11-01 14:07:03.633  INFO 6380 --- [main] s.w.s.m.m.a.RequestMappingHandlerMapping : Mapped "{[/provider-auth/address/{phoneNum}],methods=[GET]}" onto public abstract java.util.Map<java.lang.String, java.lang.Object> com.ptae.auth.api.AddressControllerRemoteApi.queryAddress(java.lang.String,java.lang.String)
2017-11-01 14:07:03.638  INFO 6380 --- [main] s.w.s.m.m.a.RequestMappingHandlerMapping : Mapped "{[/provider-auth/time/{phoneNum}],methods=[POST]}" onto public abstract java.util.Map<java.lang.String, java.lang.Object> com.ptae.auth.api.LoginControllerRemoteApi.getTime(java.lang.String,java.lang.String)
2017-11-01 14:07:03.639  INFO 6380 --- [main] s.w.s.m.m.a.RequestMappingHandlerMapping : Mapped "{[/provider-auth/login/{phoneNum}],methods=[POST]}" onto public abstract java.util.Map<java.lang.String, java.lang.Object> com.ptae.auth.api.LoginControllerRemoteApi.login(java.lang.String,java.lang.String)
2017-11-01 14:07:03.639  INFO 6380 --- [main] s.w.s.m.m.a.RequestMappingHandlerMapping : Mapped "{[/provider-auth/sentAuthCode/{phoneNum}],methods=[POST]}" onto public abstract java.util.Map<java.lang.String, java.lang.Object> com.ptae.auth.api.LoginControllerRemoteApi.sentMessage(java.lang.String,java.lang.String)
2017-11-01 14:07:03.639  INFO 6380 --- [main] s.w.s.m.m.a.RequestMappingHandlerMapping : Mapped "{[/provider-auth/isLogined/{phoneNum}],methods=[POST]}" onto public abstract java.util.Map<java.lang.String, java.lang.Object> com.ptae.auth.api.LoginControllerRemoteApi.isRegister(java.lang.String,java.lang.String)
2017-11-01 14:07:03.639  INFO 6380 --- [main] s.w.s.m.m.a.RequestMappingHandlerMapping : Mapped "{[/provider-auth/logout/{phoneNum}],methods=[POST]}" onto public abstract java.util.Map<java.lang.String, java.lang.Object> com.ptae.auth.api.LoginControllerRemoteApi.logout(java.lang.String,java.lang.String)
2017-11-01 14:07:03.641  INFO 6380 --- [main] s.w.s.m.m.a.RequestMappingHandlerMapping : Mapped "{[/error]}" onto public org.springframework.http.ResponseEntity<java.util.Map<java.lang.String, java.lang.Object>> org.springframework.boot.autoconfigure.web.BasicErrorController.error(javax.servlet.http.HttpServletRequest)
2017-11-01 14:07:03.641  INFO 6380 --- [main] s.w.s.m.m.a.RequestMappingHandlerMapping : Mapped "{[/error],produces=[text/html]}" onto public org.springframework.web.servlet.ModelAndView org.springframework.boot.autoconfigure.web.BasicErrorController.errorHtml(javax.servlet.http.HttpServletRequest,javax.servlet.http.HttpServletResponse)
2017-11-01 14:07:03.816  INFO 6380 --- [main] o.s.w.s.handler.SimpleUrlHandlerMapping  : Mapped URL path [/webjars/**] onto handler of type [class org.springframework.web.servlet.resource.ResourceHttpRequestHandler]
2017-11-01 14:07:03.816  INFO 6380 --- [main] o.s.w.s.handler.SimpleUrlHandlerMapping  : Mapped URL path [/**] onto handler of type [class org.springframework.web.servlet.resource.ResourceHttpRequestHandler]
2017-11-01 14:07:03.880  INFO 6380 --- [main] o.s.w.s.handler.SimpleUrlHandlerMapping  : Mapped URL path [/**/favicon.ico] onto handler of type [class org.springframework.web.servlet.resource.ResourceHttpRequestHandler]
2017-11-01 14:07:04.680  WARN 6380 --- [main] c.n.c.sources.URLConfigurationSource     : No URLs will be polled as dynamic configuration sources.
2017-11-01 14:07:04.682  INFO 6380 --- [main] c.n.c.sources.URLConfigurationSource     : To enable URLs as dynamic configuration sources, define System property archaius.configurationSource.additionalUrls or make config.properties available on classpath.
2017-11-01 14:07:04.693  WARN 6380 --- [main] c.n.c.sources.URLConfigurationSource     : No URLs will be polled as dynamic configuration sources.
2017-11-01 14:07:04.703  INFO 6380 --- [main] c.n.c.sources.URLConfigurationSource     : To enable URLs as dynamic configuration sources, define System property archaius.configurationSource.additionalUrls or make config.properties available on classpath.
2017-11-01 14:07:05.007  INFO 6380 --- [main] o.s.j.e.a.AnnotationMBeanExporter        : Registering beans for JMX exposure on startup
2017-11-01 14:07:05.338  INFO 6380 --- [main] o.s.j.e.a.AnnotationMBeanExporter        : Bean with name 'environmentManager' has been autodetected for JMX exposure
2017-11-01 14:07:05.341  INFO 6380 --- [main] o.s.j.e.a.AnnotationMBeanExporter        : Bean with name 'configurationPropertiesRebinder' has been autodetected for JMX exposure
2017-11-01 14:07:05.342  INFO 6380 --- [main] o.s.j.e.a.AnnotationMBeanExporter        : Bean with name 'refreshScope' has been autodetected for JMX exposure
2017-11-01 14:07:05.345  INFO 6380 --- [main] o.s.j.e.a.AnnotationMBeanExporter        : Located managed bean 'environmentManager': registering with JMX server as MBean [org.springframework.cloud.context.environment:name=environmentManager,type=EnvironmentManager]
2017-11-01 14:07:05.369  INFO 6380 --- [main] o.s.j.e.a.AnnotationMBeanExporter        : Located managed bean 'refreshScope': registering with JMX server as MBean [org.springframework.cloud.context.scope.refresh:name=refreshScope,type=RefreshScope]
2017-11-01 14:07:05.420  INFO 6380 --- [main] o.s.j.e.a.AnnotationMBeanExporter        : Located managed bean 'configurationPropertiesRebinder': registering with JMX server as MBean [org.springframework.cloud.context.properties:name=configurationPropertiesRebinder,context=678040b3,type=ConfigurationPropertiesRebinder]
2017-11-01 14:07:05.691  INFO 6380 --- [main] o.s.c.support.DefaultLifecycleProcessor  : Starting beans in phase 0
2017-11-01 14:07:05.703  INFO 6380 --- [main] o.s.c.n.eureka.InstanceInfoFactory       : Setting initial instance status as: STARTING
2017-11-01 14:07:05.776  INFO 6380 --- [main] com.netflix.discovery.DiscoveryClient    : Initializing Eureka in region us-east-1
2017-11-01 14:07:06.353  INFO 6380 --- [main] c.n.d.provider.DiscoveryJerseyProvider   : Using JSON encoding codec LegacyJacksonJson
2017-11-01 14:07:06.354  INFO 6380 --- [main] c.n.d.provider.DiscoveryJerseyProvider   : Using JSON decoding codec LegacyJacksonJson
2017-11-01 14:07:06.469  INFO 6380 --- [main] c.n.d.provider.DiscoveryJerseyProvider   : Using XML encoding codec XStreamXml
2017-11-01 14:07:06.469  INFO 6380 --- [main] c.n.d.provider.DiscoveryJerseyProvider   : Using XML decoding codec XStreamXml
2017-11-01 14:07:06.792  INFO 6380 --- [main] c.n.d.s.r.aws.ConfigClusterResolver      : Resolving eureka endpoints via configuration
2017-11-01 14:07:06.921  INFO 6380 --- [main] com.netflix.discovery.DiscoveryClient    : Disable delta property : false
2017-11-01 14:07:06.922  INFO 6380 --- [main] com.netflix.discovery.DiscoveryClient    : Single vip registry refresh property : null
2017-11-01 14:07:06.927  INFO 6380 --- [main] com.netflix.discovery.DiscoveryClient    : Force full registry fetch : false
2017-11-01 14:07:06.927  INFO 6380 --- [main] com.netflix.discovery.DiscoveryClient    : Application is null : false
2017-11-01 14:07:06.927  INFO 6380 --- [main] com.netflix.discovery.DiscoveryClient    : Registered Applications size is zero : true
2017-11-01 14:07:06.927  INFO 6380 --- [main] com.netflix.discovery.DiscoveryClient    : Application version is -1: true
2017-11-01 14:07:06.927  INFO 6380 --- [main] com.netflix.discovery.DiscoveryClient    : Getting all instance registry info from the eureka server
2017-11-01 14:07:07.146  INFO 6380 --- [main] com.netflix.discovery.DiscoveryClient    : The response status is 200
2017-11-01 14:07:07.154  INFO 6380 --- [main] com.netflix.discovery.DiscoveryClient    : Starting heartbeat executor: renew interval is: 30
2017-11-01 14:07:07.157  INFO 6380 --- [main] c.n.discovery.InstanceInfoReplicator     : InstanceInfoReplicator onDemand update allowed rate per min is 4
2017-11-01 14:07:07.160  INFO 6380 --- [main] com.netflix.discovery.DiscoveryClient    : Discovery Client initialized at timestamp 1509516427159 with initial instances count: 1
2017-11-01 14:07:07.326  INFO 6380 --- [main] o.s.c.n.e.s.EurekaServiceRegistry        : Registering application consumer-auth with eureka with status UP
2017-11-01 14:07:07.328  INFO 6380 --- [main] com.netflix.discovery.DiscoveryClient    : Saw local status change event StatusChangeEvent [timestamp=1509516427328, current=UP, previous=STARTING]
2017-11-01 14:07:07.332  INFO 6380 --- [DiscoveryClient-InstanceInfoReplicator-0] com.netflix.discovery.DiscoveryClient    : DiscoveryClient_CONSUMER-AUTH/DESKTOP-OT4OSBT:consumer-auth:8763: registering service...
2017-11-01 14:07:07.373  INFO 6380 --- [DiscoveryClient-InstanceInfoReplicator-0] com.netflix.discovery.DiscoveryClient    : DiscoveryClient_CONSUMER-AUTH/DESKTOP-OT4OSBT:consumer-auth:8763 - registration status: 204
2017-11-01 14:07:07.523  INFO 6380 --- [main] .s.c.n.e.s.EurekaAutoServiceRegistration : Updating port to 8763
2017-11-01 14:07:07.530  INFO 6380 --- [main] com.ptae.consumer.Application            : Started Application in 10.626 seconds (JVM running for 11.249)
2017-11-01 14:07:37.901  INFO 6380 --- [http-nio-8763-exec-1] o.a.c.c.C.[Tomcat].[localhost].[/]       : Initializing Spring FrameworkServlet 'dispatcherServlet'
2017-11-01 14:07:37.901  INFO 6380 --- [http-nio-8763-exec-1] o.s.web.servlet.DispatcherServlet        : FrameworkServlet 'dispatcherServlet': initialization started
2017-11-01 14:07:37.966  INFO 6380 --- [http-nio-8763-exec-1] o.s.web.servlet.DispatcherServlet        : FrameworkServlet 'dispatcherServlet': initialization completed in 65 ms
2017-11-01 14:07:38.372  INFO 6380 --- [hystrix-provider-auth-1] s.c.a.AnnotationConfigApplicationContext : Refreshing org.springframework.context.annotation.AnnotationConfigApplicationContext@35923cba: startup date [Wed Nov 01 14:07:38 GMT+08:00 2017]; parent: org.springframework.boot.context.embedded.AnnotationConfigEmbeddedWebApplicationContext@678040b3
2017-11-01 14:07:38.443  INFO 6380 --- [hystrix-provider-auth-1] f.a.AutowiredAnnotationBeanPostProcessor : JSR-330 'javax.inject.Inject' annotation found and supported for autowiring
2017-11-01 14:07:38.875  INFO 6380 --- [hystrix-provider-auth-1] c.netflix.config.ChainedDynamicProperty  : Flipping property: provider-auth.ribbon.ActiveConnectionsLimit to use NEXT property: niws.loadbalancer.availabilityFilteringRule.activeConnectionsLimit = 2147483647
2017-11-01 14:07:38.909  INFO 6380 --- [hystrix-provider-auth-1] c.n.u.concurrent.ShutdownEnabledTimer    : Shutdown hook installed for: NFLoadBalancer-PingTimer-provider-auth
2017-11-01 14:07:38.936  INFO 6380 --- [hystrix-provider-auth-1] c.netflix.loadbalancer.BaseLoadBalancer  : Client: provider-auth instantiated a LoadBalancer: DynamicServerListLoadBalancer:{NFLoadBalancer:name=provider-auth,current list of Servers=[],Load balancer stats=Zone stats: {},Server stats: []}ServerList:null
2017-11-01 14:07:38.944  INFO 6380 --- [hystrix-provider-auth-1] c.n.l.DynamicServerListLoadBalancer      : Using serverListUpdater PollingServerListUpdater
2017-11-01 14:07:38.991  INFO 6380 --- [hystrix-provider-auth-1] c.netflix.config.ChainedDynamicProperty  : Flipping property: provider-auth.ribbon.ActiveConnectionsLimit to use NEXT property: niws.loadbalancer.availabilityFilteringRule.activeConnectionsLimit = 2147483647
2017-11-01 14:07:38.992  INFO 6380 --- [hystrix-provider-auth-1] c.n.l.DynamicServerListLoadBalancer      : DynamicServerListLoadBalancer for client provider-auth initialized: DynamicServerListLoadBalancer:{NFLoadBalancer:name=provider-auth,current list of Servers=[DESKTOP-OT4OSBT:8762],Load balancer stats=Zone stats: {defaultzone=[Zone:defaultzone;	Instance count:1;	Active connections count: 0;	Circuit breaker tripped count: 0;	Active connections per server: 0.0;]
},Server stats: [[Server:DESKTOP-OT4OSBT:8762;	Zone:defaultZone;	Total Requests:0;	Successive connection failure:0;	Total blackout seconds:0;	Last connection made:Thu Jan 01 08:00:00 GMT+08:00 1970;	First connection made: Thu Jan 01 08:00:00 GMT+08:00 1970;	Active Connections:0;	total failure count in last (1000) msecs:0;	average resp time:0.0;	90 percentile resp time:0.0;	95 percentile resp time:0.0;	min resp time:0.0;	max resp time:0.0;	stddev resp time:0.0]
]}ServerList:org.springframework.cloud.netflix.ribbon.eureka.DomainExtractingServerList@3b8c0939
2017-11-01 14:07:39.949  INFO 6380 --- [PollingServerListUpdater-0] c.netflix.config.ChainedDynamicProperty  : Flipping property: provider-auth.ribbon.ActiveConnectionsLimit to use NEXT property: niws.loadbalancer.availabilityFilteringRule.activeConnectionsLimit = 2147483647
2017-11-01 14:12:06.929  INFO 6380 --- [AsyncResolver-bootstrap-executor-0] c.n.d.s.r.aws.ConfigClusterResolver      : Resolving eureka endpoints via configuration
2017-11-01 14:16:25.693  INFO 22280 --- [main] com.ptae.consumer.Application            : No active profile set, falling back to default profiles: default
2017-11-01 14:16:26.368  INFO 22280 --- [main] o.s.cloud.context.scope.GenericScope     : BeanFactory id=5538b972-d9a3-3015-99e2-c9a829a38479
2017-11-01 14:16:26.388  INFO 22280 --- [main] f.a.AutowiredAnnotationBeanPostProcessor : JSR-330 'javax.inject.Inject' annotation found and supported for autowiring
2017-11-01 14:16:26.422  INFO 22280 --- [main] trationDelegate$BeanPostProcessorChecker : Bean 'com.ptae.consumer.service.AddressService' of type [org.springframework.cloud.netflix.feign.FeignClientFactoryBean] is not eligible for getting processed by all BeanPostProcessors (for example: not eligible for auto-proxying)
2017-11-01 14:16:26.424  INFO 22280 --- [main] trationDelegate$BeanPostProcessorChecker : Bean 'com.ptae.consumer.service.LoginService' of type [org.springframework.cloud.netflix.feign.FeignClientFactoryBean] is not eligible for getting processed by all BeanPostProcessors (for example: not eligible for auto-proxying)
2017-11-01 14:16:26.579  INFO 22280 --- [main] trationDelegate$BeanPostProcessorChecker : Bean 'org.springframework.transaction.annotation.ProxyTransactionManagementConfiguration' of type [org.springframework.transaction.annotation.ProxyTransactionManagementConfiguration$$EnhancerBySpringCGLIB$$cef219b4] is not eligible for getting processed by all BeanPostProcessors (for example: not eligible for auto-proxying)
2017-11-01 14:16:26.817  INFO 22280 --- [main] trationDelegate$BeanPostProcessorChecker : Bean 'org.springframework.cloud.autoconfigure.ConfigurationPropertiesRebinderAutoConfiguration' of type [org.springframework.cloud.autoconfigure.ConfigurationPropertiesRebinderAutoConfiguration$$EnhancerBySpringCGLIB$$eb0c1cb1] is not eligible for getting processed by all BeanPostProcessors (for example: not eligible for auto-proxying)
2017-11-01 14:16:27.307  INFO 22280 --- [main] o.apache.catalina.core.StandardService   : Starting service Tomcat
2017-11-01 14:16:27.310  INFO 22280 --- [main] org.apache.catalina.core.StandardEngine  : Starting Servlet Engine: Apache Tomcat/8.5.11
2017-11-01 14:16:27.484  INFO 22280 --- [localhost-startStop-1] o.a.c.c.C.[Tomcat].[localhost].[/]       : Initializing Spring embedded WebApplicationContext
2017-11-01 14:16:27.485  INFO 22280 --- [localhost-startStop-1] o.s.web.context.ContextLoader            : Root WebApplicationContext: initialization completed in 1774 ms
2017-11-01 14:16:27.942  INFO 22280 --- [main] s.c.a.AnnotationConfigApplicationContext : Refreshing org.springframework.context.annotation.AnnotationConfigApplicationContext@4d84049a: startup date [Wed Nov 01 14:16:27 GMT+08:00 2017]; parent: org.springframework.boot.context.embedded.AnnotationConfigEmbeddedWebApplicationContext@17f460bb
2017-11-01 14:16:27.983  INFO 22280 --- [main] f.a.AutowiredAnnotationBeanPostProcessor : JSR-330 'javax.inject.Inject' annotation found and supported for autowiring
2017-11-01 14:16:29.652  INFO 22280 --- [main] s.w.s.m.m.a.RequestMappingHandlerAdapter : Looking for @ControllerAdvice: org.springframework.boot.context.embedded.AnnotationConfigEmbeddedWebApplicationContext@17f460bb: startup date [Wed Nov 01 14:16:25 GMT+08:00 2017]; parent: org.springframework.context.annotation.AnnotationConfigApplicationContext@1e4f4a5c
2017-11-01 14:16:29.792  INFO 22280 --- [main] s.w.s.m.m.a.RequestMappingHandlerMapping : Mapped "{[/time/{phoneNum}],methods=[POST]}" onto public java.util.Map<java.lang.String, java.lang.Object> com.ptae.consumer.controller.LoginController.getTime(java.lang.String,java.lang.String)
2017-11-01 14:16:29.794  INFO 22280 --- [main] s.w.s.m.m.a.RequestMappingHandlerMapping : Mapped "{[/login/{phoneNum}],methods=[POST]}" onto public java.util.Map<java.lang.String, java.lang.Object> com.ptae.consumer.controller.LoginController.login(java.lang.String,java.lang.String)
2017-11-01 14:16:29.795  INFO 22280 --- [main] s.w.s.m.m.a.RequestMappingHandlerMapping : Mapped "{[/logout/{phoneNum}],methods=[POST]}" onto public java.util.Map<java.lang.String, java.lang.Object> com.ptae.consumer.controller.LoginController.logout(java.lang.String,java.lang.String)
2017-11-01 14:16:29.803  INFO 22280 --- [main] s.w.s.m.m.a.RequestMappingHandlerMapping : Mapped "{[/isLogined/{phoneNum}],methods=[POST]}" onto public java.util.Map<java.lang.String, java.lang.Object> com.ptae.consumer.controller.LoginController.isRegister(java.lang.String,java.lang.String)
2017-11-01 14:16:29.804  INFO 22280 --- [main] s.w.s.m.m.a.RequestMappingHandlerMapping : Mapped "{[/sentAuthCode/{phoneNum}],methods=[POST]}" onto public java.util.Map<java.lang.String, java.lang.Object> com.ptae.consumer.controller.LoginController.sentMessage(java.lang.String,java.lang.String)
2017-11-01 14:16:29.809  INFO 22280 --- [main] s.w.s.m.m.a.RequestMappingHandlerMapping : Mapped "{[/provider-auth/address/{phoneNum}],methods=[GET]}" onto public abstract java.util.Map<java.lang.String, java.lang.Object> com.ptae.auth.api.AddressControllerRemoteApi.queryAddress(java.lang.String,java.lang.String)
2017-11-01 14:16:29.810  INFO 22280 --- [main] s.w.s.m.m.a.RequestMappingHandlerMapping : Mapped "{[/provider-auth/address/{phoneNum}],methods=[POST]}" onto public abstract java.util.Map<java.lang.String, java.lang.Object> com.ptae.auth.api.AddressControllerRemoteApi.updateAddress(java.lang.String,java.lang.String,com.ptae.auth.api.model.AppAddress)
2017-11-01 14:16:29.951  INFO 22280 --- [main] s.w.s.m.m.a.RequestMappingHandlerMapping : Mapped "{[/provider-auth/time/{phoneNum}],methods=[POST]}" onto public abstract java.util.Map<java.lang.String, java.lang.Object> com.ptae.auth.api.LoginControllerRemoteApi.getTime(java.lang.String,java.lang.String)
2017-11-01 14:16:29.952  INFO 22280 --- [main] s.w.s.m.m.a.RequestMappingHandlerMapping : Mapped "{[/provider-auth/login/{phoneNum}],methods=[POST]}" onto public abstract java.util.Map<java.lang.String, java.lang.Object> com.ptae.auth.api.LoginControllerRemoteApi.login(java.lang.String,java.lang.String)
2017-11-01 14:16:29.952  INFO 22280 --- [main] s.w.s.m.m.a.RequestMappingHandlerMapping : Mapped "{[/provider-auth/logout/{phoneNum}],methods=[POST]}" onto public abstract java.util.Map<java.lang.String, java.lang.Object> com.ptae.auth.api.LoginControllerRemoteApi.logout(java.lang.String,java.lang.String)
2017-11-01 14:16:29.952  INFO 22280 --- [main] s.w.s.m.m.a.RequestMappingHandlerMapping : Mapped "{[/provider-auth/isLogined/{phoneNum}],methods=[POST]}" onto public abstract java.util.Map<java.lang.String, java.lang.Object> com.ptae.auth.api.LoginControllerRemoteApi.isRegister(java.lang.String,java.lang.String)
2017-11-01 14:16:29.953  INFO 22280 --- [main] s.w.s.m.m.a.RequestMappingHandlerMapping : Mapped "{[/provider-auth/sentAuthCode/{phoneNum}],methods=[POST]}" onto public abstract java.util.Map<java.lang.String, java.lang.Object> com.ptae.auth.api.LoginControllerRemoteApi.sentMessage(java.lang.String,java.lang.String)
2017-11-01 14:16:29.956  INFO 22280 --- [main] s.w.s.m.m.a.RequestMappingHandlerMapping : Mapped "{[/error]}" onto public org.springframework.http.ResponseEntity<java.util.Map<java.lang.String, java.lang.Object>> org.springframework.boot.autoconfigure.web.BasicErrorController.error(javax.servlet.http.HttpServletRequest)
2017-11-01 14:16:29.959  INFO 22280 --- [main] s.w.s.m.m.a.RequestMappingHandlerMapping : Mapped "{[/error],produces=[text/html]}" onto public org.springframework.web.servlet.ModelAndView org.springframework.boot.autoconfigure.web.BasicErrorController.errorHtml(javax.servlet.http.HttpServletRequest,javax.servlet.http.HttpServletResponse)
2017-11-01 14:16:30.101  INFO 22280 --- [main] o.s.w.s.handler.SimpleUrlHandlerMapping  : Mapped URL path [/webjars/**] onto handler of type [class org.springframework.web.servlet.resource.ResourceHttpRequestHandler]
2017-11-01 14:16:30.102  INFO 22280 --- [main] o.s.w.s.handler.SimpleUrlHandlerMapping  : Mapped URL path [/**] onto handler of type [class org.springframework.web.servlet.resource.ResourceHttpRequestHandler]
2017-11-01 14:16:30.250  INFO 22280 --- [main] o.s.w.s.handler.SimpleUrlHandlerMapping  : Mapped URL path [/**/favicon.ico] onto handler of type [class org.springframework.web.servlet.resource.ResourceHttpRequestHandler]
2017-11-01 14:16:30.958  WARN 22280 --- [main] c.n.c.sources.URLConfigurationSource     : No URLs will be polled as dynamic configuration sources.
2017-11-01 14:16:30.958  INFO 22280 --- [main] c.n.c.sources.URLConfigurationSource     : To enable URLs as dynamic configuration sources, define System property archaius.configurationSource.additionalUrls or make config.properties available on classpath.
2017-11-01 14:16:30.965  WARN 22280 --- [main] c.n.c.sources.URLConfigurationSource     : No URLs will be polled as dynamic configuration sources.
2017-11-01 14:16:30.965  INFO 22280 --- [main] c.n.c.sources.URLConfigurationSource     : To enable URLs as dynamic configuration sources, define System property archaius.configurationSource.additionalUrls or make config.properties available on classpath.
2017-11-01 14:16:31.162  INFO 22280 --- [main] o.s.j.e.a.AnnotationMBeanExporter        : Registering beans for JMX exposure on startup
2017-11-01 14:16:31.170  INFO 22280 --- [main] o.s.j.e.a.AnnotationMBeanExporter        : Bean with name 'environmentManager' has been autodetected for JMX exposure
2017-11-01 14:16:31.171  INFO 22280 --- [main] o.s.j.e.a.AnnotationMBeanExporter        : Bean with name 'configurationPropertiesRebinder' has been autodetected for JMX exposure
2017-11-01 14:16:31.171  INFO 22280 --- [main] o.s.j.e.a.AnnotationMBeanExporter        : Bean with name 'refreshScope' has been autodetected for JMX exposure
2017-11-01 14:16:31.174  INFO 22280 --- [main] o.s.j.e.a.AnnotationMBeanExporter        : Located managed bean 'environmentManager': registering with JMX server as MBean [org.springframework.cloud.context.environment:name=environmentManager,type=EnvironmentManager]
2017-11-01 14:16:31.185  INFO 22280 --- [main] o.s.j.e.a.AnnotationMBeanExporter        : Located managed bean 'refreshScope': registering with JMX server as MBean [org.springframework.cloud.context.scope.refresh:name=refreshScope,type=RefreshScope]
2017-11-01 14:16:31.197  INFO 22280 --- [main] o.s.j.e.a.AnnotationMBeanExporter        : Located managed bean 'configurationPropertiesRebinder': registering with JMX server as MBean [org.springframework.cloud.context.properties:name=configurationPropertiesRebinder,context=17f460bb,type=ConfigurationPropertiesRebinder]
2017-11-01 14:16:31.287  INFO 22280 --- [main] o.s.c.support.DefaultLifecycleProcessor  : Starting beans in phase 0
2017-11-01 14:16:31.294  INFO 22280 --- [main] o.s.c.n.eureka.InstanceInfoFactory       : Setting initial instance status as: STARTING
2017-11-01 14:16:31.347  INFO 22280 --- [main] com.netflix.discovery.DiscoveryClient    : Initializing Eureka in region us-east-1
2017-11-01 14:16:31.696  INFO 22280 --- [main] c.n.d.provider.DiscoveryJerseyProvider   : Using JSON encoding codec LegacyJacksonJson
2017-11-01 14:16:31.696  INFO 22280 --- [main] c.n.d.provider.DiscoveryJerseyProvider   : Using JSON decoding codec LegacyJacksonJson
2017-11-01 14:16:31.801  INFO 22280 --- [main] c.n.d.provider.DiscoveryJerseyProvider   : Using XML encoding codec XStreamXml
2017-11-01 14:16:31.801  INFO 22280 --- [main] c.n.d.provider.DiscoveryJerseyProvider   : Using XML decoding codec XStreamXml
2017-11-01 14:16:32.035  INFO 22280 --- [main] c.n.d.s.r.aws.ConfigClusterResolver      : Resolving eureka endpoints via configuration
2017-11-01 14:16:32.106  INFO 22280 --- [main] com.netflix.discovery.DiscoveryClient    : Disable delta property : false
2017-11-01 14:16:32.107  INFO 22280 --- [main] com.netflix.discovery.DiscoveryClient    : Single vip registry refresh property : null
2017-11-01 14:16:32.107  INFO 22280 --- [main] com.netflix.discovery.DiscoveryClient    : Force full registry fetch : false
2017-11-01 14:16:32.107  INFO 22280 --- [main] com.netflix.discovery.DiscoveryClient    : Application is null : false
2017-11-01 14:16:32.107  INFO 22280 --- [main] com.netflix.discovery.DiscoveryClient    : Registered Applications size is zero : true
2017-11-01 14:16:32.107  INFO 22280 --- [main] com.netflix.discovery.DiscoveryClient    : Application version is -1: true
2017-11-01 14:16:32.107  INFO 22280 --- [main] com.netflix.discovery.DiscoveryClient    : Getting all instance registry info from the eureka server
2017-11-01 14:16:32.360  INFO 22280 --- [main] com.netflix.discovery.DiscoveryClient    : The response status is 200
2017-11-01 14:16:32.361  INFO 22280 --- [main] com.netflix.discovery.DiscoveryClient    : Starting heartbeat executor: renew interval is: 30
2017-11-01 14:16:32.370  INFO 22280 --- [main] c.n.discovery.InstanceInfoReplicator     : InstanceInfoReplicator onDemand update allowed rate per min is 4
2017-11-01 14:16:32.373  INFO 22280 --- [main] com.netflix.discovery.DiscoveryClient    : Discovery Client initialized at timestamp 1509516992373 with initial instances count: 0
2017-11-01 14:16:32.464  INFO 22280 --- [main] o.s.c.n.e.s.EurekaServiceRegistry        : Registering application consumer-auth with eureka with status UP
2017-11-01 14:16:32.467  INFO 22280 --- [main] com.netflix.discovery.DiscoveryClient    : Saw local status change event StatusChangeEvent [timestamp=1509516992467, current=UP, previous=STARTING]
2017-11-01 14:16:32.508  INFO 22280 --- [DiscoveryClient-InstanceInfoReplicator-0] com.netflix.discovery.DiscoveryClient    : DiscoveryClient_CONSUMER-AUTH/DESKTOP-OT4OSBT:consumer-auth:8763: registering service...
2017-11-01 14:16:32.595  INFO 22280 --- [main] .s.c.n.e.s.EurekaAutoServiceRegistration : Updating port to 8763
2017-11-01 14:16:32.709  INFO 22280 --- [main] com.ptae.consumer.Application            : Started Application in 8.381 seconds (JVM running for 8.906)
2017-11-01 14:16:32.856  INFO 22280 --- [DiscoveryClient-InstanceInfoReplicator-0] com.netflix.discovery.DiscoveryClient    : DiscoveryClient_CONSUMER-AUTH/DESKTOP-OT4OSBT:consumer-auth:8763 - registration status: 204
