2018-01-30 09:33:39.537  INFO 1952 --- [main] com.ptae.configserver.Application        : No active profile set, falling back to default profiles: default
2018-01-30 09:33:40.206  INFO 1952 --- [main] o.s.i.config.IntegrationRegistrar        : No bean named 'integrationHeaderChannelRegistry' has been explicitly defined. Therefore, a default DefaultHeaderChannelRegistry will be created.
2018-01-30 09:33:40.733  INFO 1952 --- [main] o.s.cloud.context.scope.GenericScope     : BeanFactory id=5e5cdfd4-3719-37a1-a532-bc22d5e22988
2018-01-30 09:33:40.748  INFO 1952 --- [main] faultConfiguringBeanFactoryPostProcessor : No bean named 'errorChannel' has been explicitly defined. Therefore, a default PublishSubscribeChannel will be created.
2018-01-30 09:33:40.752  INFO 1952 --- [main] faultConfiguringBeanFactoryPostProcessor : No bean named 'taskScheduler' has been explicitly defined. Therefore, a default ThreadPoolTaskScheduler will be created.
2018-01-30 09:33:40.760  INFO 1952 --- [main] f.a.AutowiredAnnotationBeanPostProcessor : JSR-330 'javax.inject.Inject' annotation found and supported for autowiring
2018-01-30 09:33:40.804  INFO 1952 --- [main] trationDelegate$BeanPostProcessorChecker : Bean 'org.springframework.amqp.rabbit.annotation.RabbitBootstrapConfiguration' of type [org.springframework.amqp.rabbit.annotation.RabbitBootstrapConfiguration$$EnhancerBySpringCGLIB$$50bb8ed2] is not eligible for getting processed by all BeanPostProcessors (for example: not eligible for auto-proxying)
2018-01-30 09:33:40.853  INFO 1952 --- [main] trationDelegate$BeanPostProcessorChecker : Bean 'org.springframework.cloud.netflix.metrics.MetricsInterceptorConfiguration$MetricsRestTemplateConfiguration' of type [org.springframework.cloud.netflix.metrics.MetricsInterceptorConfiguration$MetricsRestTemplateConfiguration$$EnhancerBySpringCGLIB$$bc7c76e5] is not eligible for getting processed by all BeanPostProcessors (for example: not eligible for auto-proxying)
2018-01-30 09:33:40.912  INFO 1952 --- [main] trationDelegate$BeanPostProcessorChecker : Bean 'integrationGlobalProperties' of type [org.springframework.beans.factory.config.PropertiesFactoryBean] is not eligible for getting processed by all BeanPostProcessors (for example: not eligible for auto-proxying)
2018-01-30 09:33:40.912  INFO 1952 --- [main] trationDelegate$BeanPostProcessorChecker : Bean 'integrationGlobalProperties' of type [java.util.Properties] is not eligible for getting processed by all BeanPostProcessors (for example: not eligible for auto-proxying)
2018-01-30 09:33:40.939  INFO 1952 --- [main] trationDelegate$BeanPostProcessorChecker : Bean 'org.springframework.cloud.autoconfigure.ConfigurationPropertiesRebinderAutoConfiguration' of type [org.springframework.cloud.autoconfigure.ConfigurationPropertiesRebinderAutoConfiguration$$EnhancerBySpringCGLIB$$a669d3a1] is not eligible for getting processed by all BeanPostProcessors (for example: not eligible for auto-proxying)
2018-01-30 09:33:40.950  INFO 1952 --- [main] trationDelegate$BeanPostProcessorChecker : Bean 'org.springframework.cloud.stream.config.BindingServiceConfiguration$PostProcessorConfiguration' of type [org.springframework.cloud.stream.config.BindingServiceConfiguration$PostProcessorConfiguration$$EnhancerBySpringCGLIB$$4c176ea9] is not eligible for getting processed by all BeanPostProcessors (for example: not eligible for auto-proxying)
2018-01-30 09:33:41.302  INFO 1952 --- [main] o.apache.catalina.core.StandardService   : Starting service [Tomcat]
2018-01-30 09:33:41.303  INFO 1952 --- [main] org.apache.catalina.core.StandardEngine  : Starting Servlet Engine: Apache Tomcat/8.5.15
2018-01-30 09:33:41.430  INFO 1952 --- [localhost-startStop-1] o.a.c.c.C.[Tomcat].[localhost].[/]       : Initializing Spring embedded WebApplicationContext
2018-01-30 09:33:41.431  INFO 1952 --- [localhost-startStop-1] o.s.web.context.ContextLoader            : Root WebApplicationContext: initialization completed in 1883 ms
2018-01-30 09:33:42.028  WARN 1952 --- [main] c.n.c.sources.URLConfigurationSource     : No URLs will be polled as dynamic configuration sources.
2018-01-30 09:33:42.028  INFO 1952 --- [main] c.n.c.sources.URLConfigurationSource     : To enable URLs as dynamic configuration sources, define System property archaius.configurationSource.additionalUrls or make config.properties available on classpath.
2018-01-30 09:33:42.035  WARN 1952 --- [main] c.n.c.sources.URLConfigurationSource     : No URLs will be polled as dynamic configuration sources.
2018-01-30 09:33:42.035  INFO 1952 --- [main] c.n.c.sources.URLConfigurationSource     : To enable URLs as dynamic configuration sources, define System property archaius.configurationSource.additionalUrls or make config.properties available on classpath.
2018-01-30 09:33:42.387  INFO 1952 --- [main] s.w.s.m.m.a.RequestMappingHandlerAdapter : Looking for @ControllerAdvice: org.springframework.boot.context.embedded.AnnotationConfigEmbeddedWebApplicationContext@31e4bb20: startup date [Tue Jan 30 09:33:39 GMT+08:00 2018]; parent: org.springframework.context.annotation.AnnotationConfigApplicationContext@128d2484
2018-01-30 09:33:42.463  INFO 1952 --- [main] s.w.s.m.m.a.RequestMappingHandlerMapping : Mapped "{[/rabbit/hello],methods=[POST]}" onto public void com.ptae.configserver.controller.MQController.hello()
2018-01-30 09:33:42.464  INFO 1952 --- [main] s.w.s.m.m.a.RequestMappingHandlerMapping : Mapped "{[/error]}" onto public org.springframework.http.ResponseEntity<java.util.Map<java.lang.String, java.lang.Object>> org.springframework.boot.autoconfigure.web.BasicErrorController.error(javax.servlet.http.HttpServletRequest)
2018-01-30 09:33:42.465  INFO 1952 --- [main] s.w.s.m.m.a.RequestMappingHandlerMapping : Mapped "{[/error],produces=[text/html]}" onto public org.springframework.web.servlet.ModelAndView org.springframework.boot.autoconfigure.web.BasicErrorController.errorHtml(javax.servlet.http.HttpServletRequest,javax.servlet.http.HttpServletResponse)
2018-01-30 09:33:42.472  INFO 1952 --- [main] s.w.s.m.m.a.RequestMappingHandlerMapping : Mapped "{[/encrypt],methods=[POST]}" onto public java.lang.String org.springframework.cloud.config.server.encryption.EncryptionController.encrypt(java.lang.String,org.springframework.http.MediaType)
2018-01-30 09:33:42.472  INFO 1952 --- [main] s.w.s.m.m.a.RequestMappingHandlerMapping : Mapped "{[/encrypt/{name}/{profiles}],methods=[POST]}" onto public java.lang.String org.springframework.cloud.config.server.encryption.EncryptionController.encrypt(java.lang.String,java.lang.String,java.lang.String,org.springframework.http.MediaType)
2018-01-30 09:33:42.472  INFO 1952 --- [main] s.w.s.m.m.a.RequestMappingHandlerMapping : Mapped "{[/decrypt/{name}/{profiles}],methods=[POST]}" onto public java.lang.String org.springframework.cloud.config.server.encryption.EncryptionController.decrypt(java.lang.String,java.lang.String,java.lang.String,org.springframework.http.MediaType)
2018-01-30 09:33:42.472  INFO 1952 --- [main] s.w.s.m.m.a.RequestMappingHandlerMapping : Mapped "{[/decrypt],methods=[POST]}" onto public java.lang.String org.springframework.cloud.config.server.encryption.EncryptionController.decrypt(java.lang.String,org.springframework.http.MediaType)
2018-01-30 09:33:42.472  INFO 1952 --- [main] s.w.s.m.m.a.RequestMappingHandlerMapping : Mapped "{[/encrypt/status],methods=[GET]}" onto public java.util.Map<java.lang.String, java.lang.Object> org.springframework.cloud.config.server.encryption.EncryptionController.status()
2018-01-30 09:33:42.473  INFO 1952 --- [main] s.w.s.m.m.a.RequestMappingHandlerMapping : Mapped "{[/key],methods=[GET]}" onto public java.lang.String org.springframework.cloud.config.server.encryption.EncryptionController.getPublicKey()
2018-01-30 09:33:42.473  INFO 1952 --- [main] s.w.s.m.m.a.RequestMappingHandlerMapping : Mapped "{[/key/{name}/{profiles}],methods=[GET]}" onto public java.lang.String org.springframework.cloud.config.server.encryption.EncryptionController.getPublicKey(java.lang.String,java.lang.String)
2018-01-30 09:33:42.476  INFO 1952 --- [main] s.w.s.m.m.a.RequestMappingHandlerMapping : Mapped "{[/{name}-{profiles}.properties],methods=[GET]}" onto public org.springframework.http.ResponseEntity<java.lang.String> org.springframework.cloud.config.server.environment.EnvironmentController.properties(java.lang.String,java.lang.String,boolean) throws java.io.IOException
2018-01-30 09:33:42.476  INFO 1952 --- [main] s.w.s.m.m.a.RequestMappingHandlerMapping : Mapped "{[/{name}-{profiles}.yml || /{name}-{profiles}.yaml],methods=[GET]}" onto public org.springframework.http.ResponseEntity<java.lang.String> org.springframework.cloud.config.server.environment.EnvironmentController.yaml(java.lang.String,java.lang.String,boolean) throws java.lang.Exception
2018-01-30 09:33:42.476  INFO 1952 --- [main] s.w.s.m.m.a.RequestMappingHandlerMapping : Mapped "{[/{label}/{name}-{profiles}.properties],methods=[GET]}" onto public org.springframework.http.ResponseEntity<java.lang.String> org.springframework.cloud.config.server.environment.EnvironmentController.labelledProperties(java.lang.String,java.lang.String,java.lang.String,boolean) throws java.io.IOException
2018-01-30 09:33:42.477  INFO 1952 --- [main] s.w.s.m.m.a.RequestMappingHandlerMapping : Mapped "{[/{label}/{name}-{profiles}.json],methods=[GET]}" onto public org.springframework.http.ResponseEntity<java.lang.String> org.springframework.cloud.config.server.environment.EnvironmentController.labelledJsonProperties(java.lang.String,java.lang.String,java.lang.String,boolean) throws java.lang.Exception
2018-01-30 09:33:42.477  INFO 1952 --- [main] s.w.s.m.m.a.RequestMappingHandlerMapping : Mapped "{[/{name}/{profiles:.*[^-].*}],methods=[GET]}" onto public org.springframework.cloud.config.environment.Environment org.springframework.cloud.config.server.environment.EnvironmentController.defaultLabel(java.lang.String,java.lang.String)
2018-01-30 09:33:42.477  INFO 1952 --- [main] s.w.s.m.m.a.RequestMappingHandlerMapping : Mapped "{[/{name}/{profiles}/{label:.*}],methods=[GET]}" onto public org.springframework.cloud.config.environment.Environment org.springframework.cloud.config.server.environment.EnvironmentController.labelled(java.lang.String,java.lang.String,java.lang.String)
2018-01-30 09:33:42.477  INFO 1952 --- [main] s.w.s.m.m.a.RequestMappingHandlerMapping : Mapped "{[/{name}-{profiles}.json],methods=[GET]}" onto public org.springframework.http.ResponseEntity<java.lang.String> org.springframework.cloud.config.server.environment.EnvironmentController.jsonProperties(java.lang.String,java.lang.String,boolean) throws java.lang.Exception
2018-01-30 09:33:42.477  INFO 1952 --- [main] s.w.s.m.m.a.RequestMappingHandlerMapping : Mapped "{[/{label}/{name}-{profiles}.yml || /{label}/{name}-{profiles}.yaml],methods=[GET]}" onto public org.springframework.http.ResponseEntity<java.lang.String> org.springframework.cloud.config.server.environment.EnvironmentController.labelledYaml(java.lang.String,java.lang.String,java.lang.String,boolean) throws java.lang.Exception
2018-01-30 09:33:42.479  INFO 1952 --- [main] s.w.s.m.m.a.RequestMappingHandlerMapping : Mapped "{[/{name}/{profile}/{label}/**],methods=[GET],produces=[application/octet-stream]}" onto public synchronized byte[] org.springframework.cloud.config.server.resource.ResourceController.binary(java.lang.String,java.lang.String,java.lang.String,javax.servlet.http.HttpServletRequest) throws java.io.IOException
2018-01-30 09:33:42.480  INFO 1952 --- [main] s.w.s.m.m.a.RequestMappingHandlerMapping : Mapped "{[/{name}/{profile}/{label}/**],methods=[GET]}" onto public java.lang.String org.springframework.cloud.config.server.resource.ResourceController.retrieve(java.lang.String,java.lang.String,java.lang.String,javax.servlet.http.HttpServletRequest,boolean) throws java.io.IOException
2018-01-30 09:33:42.519  INFO 1952 --- [main] o.s.w.s.handler.SimpleUrlHandlerMapping  : Mapped URL path [/webjars/**] onto handler of type [class org.springframework.web.servlet.resource.ResourceHttpRequestHandler]
2018-01-30 09:33:42.519  INFO 1952 --- [main] o.s.w.s.handler.SimpleUrlHandlerMapping  : Mapped URL path [/**] onto handler of type [class org.springframework.web.servlet.resource.ResourceHttpRequestHandler]
2018-01-30 09:33:42.558  INFO 1952 --- [main] o.s.w.s.handler.SimpleUrlHandlerMapping  : Mapped URL path [/**/favicon.ico] onto handler of type [class org.springframework.web.servlet.resource.ResourceHttpRequestHandler]
2018-01-30 09:33:42.996  INFO 1952 --- [main] o.s.s.c.ThreadPoolTaskScheduler          : Initializing ExecutorService  'taskScheduler'
2018-01-30 09:33:44.009  INFO 1952 --- [main] o.s.i.codec.kryo.CompositeKryoRegistrar  : configured Kryo registration [40, java.io.File] with serializer org.springframework.integration.codec.kryo.FileSerializer
2018-01-30 09:33:44.214  INFO 1952 --- [main] o.s.j.e.a.AnnotationMBeanExporter        : Registering beans for JMX exposure on startup
2018-01-30 09:33:44.223  INFO 1952 --- [main] o.s.j.e.a.AnnotationMBeanExporter        : Bean with name 'environmentManager' has been autodetected for JMX exposure
2018-01-30 09:33:44.223  INFO 1952 --- [main] o.s.j.e.a.AnnotationMBeanExporter        : Bean with name 'rabbitConnectionFactory' has been autodetected for JMX exposure
2018-01-30 09:33:44.224  INFO 1952 --- [main] o.s.j.e.a.AnnotationMBeanExporter        : Bean with name 'integrationMbeanExporter' has been autodetected for JMX exposure
2018-01-30 09:33:44.225  INFO 1952 --- [main] o.s.j.e.a.AnnotationMBeanExporter        : Bean with name 'configurationPropertiesRebinder' has been autodetected for JMX exposure
2018-01-30 09:33:44.226  INFO 1952 --- [main] o.s.j.e.a.AnnotationMBeanExporter        : Bean with name 'refreshEndpoint' has been autodetected for JMX exposure
2018-01-30 09:33:44.227  INFO 1952 --- [main] o.s.j.e.a.AnnotationMBeanExporter        : Bean with name 'restartEndpoint' has been autodetected for JMX exposure
2018-01-30 09:33:44.228  INFO 1952 --- [main] o.s.j.e.a.AnnotationMBeanExporter        : Bean with name 'environmentBusEndpoint' has been autodetected for JMX exposure
2018-01-30 09:33:44.229  INFO 1952 --- [main] o.s.j.e.a.AnnotationMBeanExporter        : Bean with name 'refreshBusEndpoint' has been autodetected for JMX exposure
2018-01-30 09:33:44.229  INFO 1952 --- [main] o.s.j.e.a.AnnotationMBeanExporter        : Bean with name 'serviceRegistryEndpoint' has been autodetected for JMX exposure
2018-01-30 09:33:44.230  INFO 1952 --- [main] o.s.j.e.a.AnnotationMBeanExporter        : Bean with name 'refreshScope' has been autodetected for JMX exposure
2018-01-30 09:33:44.233  INFO 1952 --- [main] o.s.j.e.a.AnnotationMBeanExporter        : Located managed bean 'environmentManager': registering with JMX server as MBean [org.springframework.cloud.context.environment:name=environmentManager,type=EnvironmentManager]
2018-01-30 09:33:44.244  INFO 1952 --- [main] o.s.j.e.a.AnnotationMBeanExporter        : Located managed bean 'environmentBusEndpoint': registering with JMX server as MBean [org.springframework.cloud.bus.endpoint:name=environmentBusEndpoint,type=EnvironmentBusEndpoint]
2018-01-30 09:33:44.251  INFO 1952 --- [main] o.s.j.e.a.AnnotationMBeanExporter        : Located managed bean 'restartEndpoint': registering with JMX server as MBean [org.springframework.cloud.context.restart:name=restartEndpoint,type=RestartEndpoint]
2018-01-30 09:33:44.266  INFO 1952 --- [main] o.s.j.e.a.AnnotationMBeanExporter        : Located managed bean 'serviceRegistryEndpoint': registering with JMX server as MBean [org.springframework.cloud.client.serviceregistry.endpoint:name=serviceRegistryEndpoint,type=ServiceRegistryEndpoint]
2018-01-30 09:33:44.270  INFO 1952 --- [main] o.s.j.e.a.AnnotationMBeanExporter        : Located managed bean 'refreshBusEndpoint': registering with JMX server as MBean [org.springframework.cloud.bus.endpoint:name=refreshBusEndpoint,type=RefreshBusEndpoint]
2018-01-30 09:33:44.278  INFO 1952 --- [main] o.s.j.e.a.AnnotationMBeanExporter        : Located managed bean 'refreshScope': registering with JMX server as MBean [org.springframework.cloud.context.scope.refresh:name=refreshScope,type=RefreshScope]
2018-01-30 09:33:44.289  INFO 1952 --- [main] o.s.j.e.a.AnnotationMBeanExporter        : Located managed bean 'integrationMbeanExporter': registering with JMX server as MBean [org.springframework.integration.monitor:name=integrationMbeanExporter,type=IntegrationMBeanExporter]
2018-01-30 09:33:44.305  INFO 1952 --- [main] o.s.j.e.a.AnnotationMBeanExporter        : Located managed bean 'configurationPropertiesRebinder': registering with JMX server as MBean [org.springframework.cloud.context.properties:name=configurationPropertiesRebinder,context=31e4bb20,type=ConfigurationPropertiesRebinder]
2018-01-30 09:33:44.309  INFO 1952 --- [main] o.s.j.e.a.AnnotationMBeanExporter        : Located managed bean 'rabbitConnectionFactory': registering with JMX server as MBean [org.springframework.amqp.rabbit.connection:name=rabbitConnectionFactory,type=CachingConnectionFactory]
2018-01-30 09:33:44.318  INFO 1952 --- [main] o.s.j.e.a.AnnotationMBeanExporter        : Located managed bean 'refreshEndpoint': registering with JMX server as MBean [org.springframework.cloud.endpoint:name=refreshEndpoint,type=RefreshEndpoint]
2018-01-30 09:33:44.323  INFO 1952 --- [main] o.s.i.monitor.IntegrationMBeanExporter   : Registering beans for JMX exposure on startup
2018-01-30 09:33:44.324  INFO 1952 --- [main] o.s.i.monitor.IntegrationMBeanExporter   : Registering MessageChannel springCloudBusInput
2018-01-30 09:33:44.327  INFO 1952 --- [main] o.s.i.monitor.IntegrationMBeanExporter   : Located managed bean 'org.springframework.integration:type=MessageChannel,name=springCloudBusInput': registering with JMX server as MBean [org.springframework.integration:type=MessageChannel,name=springCloudBusInput]
2018-01-30 09:33:44.347  INFO 1952 --- [main] o.s.i.monitor.IntegrationMBeanExporter   : Registering MessageChannel springCloudBusOutput
2018-01-30 09:33:44.349  INFO 1952 --- [main] o.s.i.monitor.IntegrationMBeanExporter   : Located managed bean 'org.springframework.integration:type=MessageChannel,name=springCloudBusOutput': registering with JMX server as MBean [org.springframework.integration:type=MessageChannel,name=springCloudBusOutput]
2018-01-30 09:33:44.355  INFO 1952 --- [main] o.s.i.monitor.IntegrationMBeanExporter   : Registering MessageChannel errorChannel
2018-01-30 09:33:44.356  INFO 1952 --- [main] o.s.i.monitor.IntegrationMBeanExporter   : Located managed bean 'org.springframework.integration:type=MessageChannel,name=errorChannel': registering with JMX server as MBean [org.springframework.integration:type=MessageChannel,name=errorChannel]
2018-01-30 09:33:44.372  INFO 1952 --- [main] o.s.i.monitor.IntegrationMBeanExporter   : Registering MessageChannel nullChannel
2018-01-30 09:33:44.375  INFO 1952 --- [main] o.s.i.monitor.IntegrationMBeanExporter   : Located managed bean 'org.springframework.integration:type=MessageChannel,name=nullChannel': registering with JMX server as MBean [org.springframework.integration:type=MessageChannel,name=nullChannel]
2018-01-30 09:33:44.382  INFO 1952 --- [main] o.s.i.monitor.IntegrationMBeanExporter   : Registering MessageHandler errorLogger
2018-01-30 09:33:44.384  INFO 1952 --- [main] o.s.i.monitor.IntegrationMBeanExporter   : Located managed bean 'org.springframework.integration:type=MessageHandler,name=errorLogger,bean=internal': registering with JMX server as MBean [org.springframework.integration:type=MessageHandler,name=errorLogger,bean=internal]
2018-01-30 09:33:44.561  INFO 1952 --- [main] o.s.integration.channel.DirectChannel    : Channel 'config-server:8765.springCloudBusInput' has 1 subscriber(s).
2018-01-30 09:33:44.565  INFO 1952 --- [main] o.s.c.support.DefaultLifecycleProcessor  : Starting beans in phase -2147482648
2018-01-30 09:33:44.744  INFO 1952 --- [main] com.ptae.configserver.Application        : No active profile set, falling back to default profiles: default
2018-01-30 09:33:44.747  INFO 1952 --- [main] s.c.a.AnnotationConfigApplicationContext : Refreshing org.springframework.context.annotation.AnnotationConfigApplicationContext@131d977f: startup date [Tue Jan 30 09:33:44 GMT+08:00 2018]; parent: org.springframework.boot.context.embedded.AnnotationConfigEmbeddedWebApplicationContext@31e4bb20
2018-01-30 09:33:44.780  INFO 1952 --- [main] f.a.AutowiredAnnotationBeanPostProcessor : JSR-330 'javax.inject.Inject' annotation found and supported for autowiring
2018-01-30 09:33:44.819  INFO 1952 --- [main] o.s.c.support.GenericApplicationContext  : Refreshing org.springframework.context.support.GenericApplicationContext@362cf66: startup date [Tue Jan 30 09:33:44 GMT+08:00 2018]; root of context hierarchy
2018-01-30 09:33:44.852  INFO 1952 --- [main] com.ptae.configserver.Application        : Started Application in 0.273 seconds (JVM running for 7.926)
2018-01-30 09:33:45.895  WARN 1952 --- [main] o.s.amqp.rabbit.core.RabbitAdmin         : Failed to declare exchange: Exchange [name=springCloudBus, type=topic, durable=true, autoDelete=false, internal=false, arguments={}], continuing... org.springframework.amqp.AmqpConnectException: java.net.ConnectException: Connection refused: connect
2018-01-30 09:33:45.901  INFO 1952 --- [main] o.s.integration.channel.DirectChannel    : Channel 'config-server:8765.springCloudBusOutput' has 1 subscriber(s).
2018-01-30 09:33:45.902  INFO 1952 --- [main] o.s.c.support.DefaultLifecycleProcessor  : Starting beans in phase 0
2018-01-30 09:33:45.909  INFO 1952 --- [main] o.s.c.n.eureka.InstanceInfoFactory       : Setting initial instance status as: STARTING
2018-01-30 09:33:45.938  INFO 1952 --- [main] com.netflix.discovery.DiscoveryClient    : Initializing Eureka in region us-east-1
2018-01-30 09:33:46.355  INFO 1952 --- [main] c.n.d.provider.DiscoveryJerseyProvider   : Using JSON encoding codec LegacyJacksonJson
2018-01-30 09:33:46.355  INFO 1952 --- [main] c.n.d.provider.DiscoveryJerseyProvider   : Using JSON decoding codec LegacyJacksonJson
2018-01-30 09:33:46.441  INFO 1952 --- [main] c.n.d.provider.DiscoveryJerseyProvider   : Using XML encoding codec XStreamXml
2018-01-30 09:33:46.441  INFO 1952 --- [main] c.n.d.provider.DiscoveryJerseyProvider   : Using XML decoding codec XStreamXml
2018-01-30 09:33:46.625  INFO 1952 --- [main] c.n.d.s.r.aws.ConfigClusterResolver      : Resolving eureka endpoints via configuration
2018-01-30 09:33:46.698  INFO 1952 --- [main] com.netflix.discovery.DiscoveryClient    : Disable delta property : false
2018-01-30 09:33:46.698  INFO 1952 --- [main] com.netflix.discovery.DiscoveryClient    : Single vip registry refresh property : null
2018-01-30 09:33:46.699  INFO 1952 --- [main] com.netflix.discovery.DiscoveryClient    : Force full registry fetch : false
2018-01-30 09:33:46.699  INFO 1952 --- [main] com.netflix.discovery.DiscoveryClient    : Application is null : false
2018-01-30 09:33:46.699  INFO 1952 --- [main] com.netflix.discovery.DiscoveryClient    : Registered Applications size is zero : true
2018-01-30 09:33:46.699  INFO 1952 --- [main] com.netflix.discovery.DiscoveryClient    : Application version is -1: true
2018-01-30 09:33:46.699  INFO 1952 --- [main] com.netflix.discovery.DiscoveryClient    : Getting all instance registry info from the eureka server
2018-01-30 09:33:47.250  INFO 1952 --- [main] com.netflix.discovery.DiscoveryClient    : The response status is 200
2018-01-30 09:33:47.252  INFO 1952 --- [main] com.netflix.discovery.DiscoveryClient    : Starting heartbeat executor: renew interval is: 30
2018-01-30 09:33:47.257  INFO 1952 --- [main] c.n.discovery.InstanceInfoReplicator     : InstanceInfoReplicator onDemand update allowed rate per min is 4
2018-01-30 09:33:47.260  INFO 1952 --- [main] com.netflix.discovery.DiscoveryClient    : Discovery Client initialized at timestamp 1517276027259 with initial instances count: 0
2018-01-30 09:33:47.320  INFO 1952 --- [main] o.s.c.n.e.s.EurekaServiceRegistry        : Registering application config-server with eureka with status UP
2018-01-30 09:33:47.321  INFO 1952 --- [main] com.netflix.discovery.DiscoveryClient    : Saw local status change event StatusChangeEvent [timestamp=1517276027321, current=UP, previous=STARTING]
2018-01-30 09:33:47.328  INFO 1952 --- [DiscoveryClient-InstanceInfoReplicator-0] com.netflix.discovery.DiscoveryClient    : DiscoveryClient_CONFIG-SERVER/10.19.0.24:8765: registering service...
2018-01-30 09:33:47.501  INFO 1952 --- [main] o.s.i.endpoint.EventDrivenConsumer       : Adding {logging-channel-adapter:_org.springframework.integration.errorLogger} as a subscriber to the 'errorChannel' channel
2018-01-30 09:33:47.501  INFO 1952 --- [main] o.s.i.channel.PublishSubscribeChannel    : Channel 'config-server:8765.errorChannel' has 1 subscriber(s).
2018-01-30 09:33:47.501  INFO 1952 --- [main] o.s.i.endpoint.EventDrivenConsumer       : started _org.springframework.integration.errorLogger
2018-01-30 09:33:47.502  INFO 1952 --- [main] o.s.c.support.DefaultLifecycleProcessor  : Starting beans in phase 2147482647
2018-01-30 09:33:47.549  INFO 1952 --- [main] c.s.b.r.p.RabbitExchangeQueueProvisioner : declaring queue for inbound: springCloudBus.anonymous.YICckFMWTPumZ-hlzX_HmA, bound to: springCloudBus
2018-01-30 09:33:48.073  INFO 1952 --- [DiscoveryClient-InstanceInfoReplicator-0] com.netflix.discovery.DiscoveryClient    : DiscoveryClient_CONFIG-SERVER/10.19.0.24:8765 - registration status: 204
2018-01-30 09:33:48.640  WARN 1952 --- [main] o.s.amqp.rabbit.core.RabbitAdmin         : Failed to declare exchange: Exchange [name=springCloudBus, type=topic, durable=true, autoDelete=false, internal=false, arguments={}], continuing... org.springframework.amqp.AmqpConnectException: java.net.ConnectException: Connection refused: connect
2018-01-30 09:33:49.655  WARN 1952 --- [main] o.s.amqp.rabbit.core.RabbitAdmin         : Failed to declare queue: Queue [name=springCloudBus.anonymous.YICckFMWTPumZ-hlzX_HmA, durable=false, autoDelete=true, exclusive=true, arguments={}], continuing... org.springframework.amqp.AmqpConnectException: java.net.ConnectException: Connection refused: connect
2018-01-30 09:33:50.670  WARN 1952 --- [main] o.s.amqp.rabbit.core.RabbitAdmin         : Failed to declare binding: Binding [destination=springCloudBus.anonymous.YICckFMWTPumZ-hlzX_HmA, exchange=springCloudBus, routingKey=#], continuing... org.springframework.amqp.AmqpConnectException: java.net.ConnectException: Connection refused: connect
2018-01-30 09:33:51.721  INFO 1952 --- [main] o.s.i.a.i.AmqpInboundChannelAdapter      : started inbound.springCloudBus.anonymous.YICckFMWTPumZ-hlzX_HmA
2018-01-30 09:33:51.721  INFO 1952 --- [main] o.s.i.endpoint.EventDrivenConsumer       : Adding {message-handler:inbound.springCloudBus.default} as a subscriber to the 'bridge.springCloudBus' channel
2018-01-30 09:33:51.721  INFO 1952 --- [main] o.s.i.endpoint.EventDrivenConsumer       : started inbound.springCloudBus.default
2018-01-30 09:33:51.722  INFO 1952 --- [main] o.s.c.support.DefaultLifecycleProcessor  : Starting beans in phase 2147483647
2018-01-30 09:33:51.790  INFO 1952 --- [main] .s.c.n.e.s.EurekaAutoServiceRegistration : Updating port to 8765
2018-01-30 09:33:51.793  INFO 1952 --- [main] com.ptae.configserver.Application        : Started Application in 14.496 seconds (JVM running for 14.866)
2018-01-30 09:33:56.731  WARN 1952 --- [springCloudBus.anonymous.YICckFMWTPumZ-hlzX_HmA-1] o.s.a.r.l.SimpleMessageListenerContainer : Consumer raised exception, processing can restart if the connection factory supports it. Exception summary: org.springframework.amqp.AmqpConnectException: java.net.ConnectException: Connection refused: connect
2018-01-30 09:33:56.732  INFO 1952 --- [springCloudBus.anonymous.YICckFMWTPumZ-hlzX_HmA-1] o.s.a.r.l.SimpleMessageListenerContainer : Restarting Consumer@33e6bd36: tags=[{}], channel=null, acknowledgeMode=AUTO local queue size=0
2018-01-30 09:34:02.747  WARN 1952 --- [springCloudBus.anonymous.YICckFMWTPumZ-hlzX_HmA-2] o.s.a.r.l.SimpleMessageListenerContainer : Consumer raised exception, processing can restart if the connection factory supports it. Exception summary: org.springframework.amqp.AmqpConnectException: java.net.ConnectException: Connection refused: connect
2018-01-30 09:34:02.747  INFO 1952 --- [springCloudBus.anonymous.YICckFMWTPumZ-hlzX_HmA-2] o.s.a.r.l.SimpleMessageListenerContainer : Restarting Consumer@3172eea1: tags=[{}], channel=null, acknowledgeMode=AUTO local queue size=0
2018-01-30 09:34:08.771  WARN 1952 --- [springCloudBus.anonymous.YICckFMWTPumZ-hlzX_HmA-3] o.s.a.r.l.SimpleMessageListenerContainer : Consumer raised exception, processing can restart if the connection factory supports it. Exception summary: org.springframework.amqp.AmqpConnectException: java.net.ConnectException: Connection refused: connect
2018-01-30 09:34:08.771  INFO 1952 --- [springCloudBus.anonymous.YICckFMWTPumZ-hlzX_HmA-3] o.s.a.r.l.SimpleMessageListenerContainer : Restarting Consumer@1fd16133: tags=[{}], channel=null, acknowledgeMode=AUTO local queue size=0
2018-01-30 09:34:14.793  WARN 1952 --- [springCloudBus.anonymous.YICckFMWTPumZ-hlzX_HmA-4] o.s.a.r.l.SimpleMessageListenerContainer : Consumer raised exception, processing can restart if the connection factory supports it. Exception summary: org.springframework.amqp.AmqpConnectException: java.net.ConnectException: Connection refused: connect
2018-01-30 09:34:14.793  INFO 1952 --- [springCloudBus.anonymous.YICckFMWTPumZ-hlzX_HmA-4] o.s.a.r.l.SimpleMessageListenerContainer : Restarting Consumer@3933b990: tags=[{}], channel=null, acknowledgeMode=AUTO local queue size=0
2018-01-30 09:34:17.252  INFO 1952 --- [DiscoveryClient-CacheRefreshExecutor-0] com.netflix.discovery.DiscoveryClient    : Disable delta property : false
2018-01-30 09:34:17.252  INFO 1952 --- [DiscoveryClient-CacheRefreshExecutor-0] com.netflix.discovery.DiscoveryClient    : Single vip registry refresh property : null
2018-01-30 09:34:17.253  INFO 1952 --- [DiscoveryClient-CacheRefreshExecutor-0] com.netflix.discovery.DiscoveryClient    : Force full registry fetch : false
2018-01-30 09:34:17.253  INFO 1952 --- [DiscoveryClient-CacheRefreshExecutor-0] com.netflix.discovery.DiscoveryClient    : Application is null : false
2018-01-30 09:34:17.253  INFO 1952 --- [DiscoveryClient-CacheRefreshExecutor-0] com.netflix.discovery.DiscoveryClient    : Registered Applications size is zero : true
2018-01-30 09:34:17.253  INFO 1952 --- [DiscoveryClient-CacheRefreshExecutor-0] com.netflix.discovery.DiscoveryClient    : Application version is -1: false
2018-01-30 09:34:17.253  INFO 1952 --- [DiscoveryClient-CacheRefreshExecutor-0] com.netflix.discovery.DiscoveryClient    : Getting all instance registry info from the eureka server
2018-01-30 09:34:17.321  INFO 1952 --- [DiscoveryClient-CacheRefreshExecutor-0] com.netflix.discovery.DiscoveryClient    : The response status is 200
2018-01-30 09:35:33.817  INFO 14776 --- [main] com.ptae.configserver.Application        : No active profile set, falling back to default profiles: default
2018-01-30 09:35:34.588  INFO 14776 --- [main] o.s.cloud.context.scope.GenericScope     : BeanFactory id=373d6629-9576-37f5-a644-0746a4991962
2018-01-30 09:35:34.601  INFO 14776 --- [main] f.a.AutowiredAnnotationBeanPostProcessor : JSR-330 'javax.inject.Inject' annotation found and supported for autowiring
2018-01-30 09:35:34.641  INFO 14776 --- [main] trationDelegate$BeanPostProcessorChecker : Bean 'org.springframework.cloud.netflix.metrics.MetricsInterceptorConfiguration$MetricsRestTemplateConfiguration' of type [org.springframework.cloud.netflix.metrics.MetricsInterceptorConfiguration$MetricsRestTemplateConfiguration$$EnhancerBySpringCGLIB$$eecc87df] is not eligible for getting processed by all BeanPostProcessors (for example: not eligible for auto-proxying)
2018-01-30 09:35:34.649  INFO 14776 --- [main] trationDelegate$BeanPostProcessorChecker : Bean 'org.springframework.cloud.autoconfigure.ConfigurationPropertiesRebinderAutoConfiguration' of type [org.springframework.cloud.autoconfigure.ConfigurationPropertiesRebinderAutoConfiguration$$EnhancerBySpringCGLIB$$d8b9e49b] is not eligible for getting processed by all BeanPostProcessors (for example: not eligible for auto-proxying)
2018-01-30 09:35:34.929  INFO 14776 --- [main] o.apache.catalina.core.StandardService   : Starting service [Tomcat]
2018-01-30 09:35:34.930  INFO 14776 --- [main] org.apache.catalina.core.StandardEngine  : Starting Servlet Engine: Apache Tomcat/8.5.15
2018-01-30 09:35:35.073  INFO 14776 --- [localhost-startStop-1] o.a.c.c.C.[Tomcat].[localhost].[/]       : Initializing Spring embedded WebApplicationContext
2018-01-30 09:35:35.083  INFO 14776 --- [localhost-startStop-1] o.s.web.context.ContextLoader            : Root WebApplicationContext: initialization completed in 1256 ms
2018-01-30 09:35:35.592  WARN 14776 --- [main] c.n.c.sources.URLConfigurationSource     : No URLs will be polled as dynamic configuration sources.
2018-01-30 09:35:35.592  INFO 14776 --- [main] c.n.c.sources.URLConfigurationSource     : To enable URLs as dynamic configuration sources, define System property archaius.configurationSource.additionalUrls or make config.properties available on classpath.
2018-01-30 09:35:35.597  WARN 14776 --- [main] c.n.c.sources.URLConfigurationSource     : No URLs will be polled as dynamic configuration sources.
2018-01-30 09:35:35.598  INFO 14776 --- [main] c.n.c.sources.URLConfigurationSource     : To enable URLs as dynamic configuration sources, define System property archaius.configurationSource.additionalUrls or make config.properties available on classpath.
2018-01-30 09:35:35.800  INFO 14776 --- [main] s.w.s.m.m.a.RequestMappingHandlerAdapter : Looking for @ControllerAdvice: org.springframework.boot.context.embedded.AnnotationConfigEmbeddedWebApplicationContext@fc258b1: startup date [Tue Jan 30 09:35:33 GMT+08:00 2018]; parent: org.springframework.context.annotation.AnnotationConfigApplicationContext@28eaa59a
2018-01-30 09:35:35.893  INFO 14776 --- [main] s.w.s.m.m.a.RequestMappingHandlerMapping : Mapped "{[/rabbit/hello],methods=[POST]}" onto public void com.ptae.configserver.controller.MQController.hello()
2018-01-30 09:35:35.895  INFO 14776 --- [main] s.w.s.m.m.a.RequestMappingHandlerMapping : Mapped "{[/error]}" onto public org.springframework.http.ResponseEntity<java.util.Map<java.lang.String, java.lang.Object>> org.springframework.boot.autoconfigure.web.BasicErrorController.error(javax.servlet.http.HttpServletRequest)
2018-01-30 09:35:35.895  INFO 14776 --- [main] s.w.s.m.m.a.RequestMappingHandlerMapping : Mapped "{[/error],produces=[text/html]}" onto public org.springframework.web.servlet.ModelAndView org.springframework.boot.autoconfigure.web.BasicErrorController.errorHtml(javax.servlet.http.HttpServletRequest,javax.servlet.http.HttpServletResponse)
2018-01-30 09:35:35.909  INFO 14776 --- [main] s.w.s.m.m.a.RequestMappingHandlerMapping : Mapped "{[/encrypt],methods=[POST]}" onto public java.lang.String org.springframework.cloud.config.server.encryption.EncryptionController.encrypt(java.lang.String,org.springframework.http.MediaType)
2018-01-30 09:35:35.917  INFO 14776 --- [main] s.w.s.m.m.a.RequestMappingHandlerMapping : Mapped "{[/encrypt/{name}/{profiles}],methods=[POST]}" onto public java.lang.String org.springframework.cloud.config.server.encryption.EncryptionController.encrypt(java.lang.String,java.lang.String,java.lang.String,org.springframework.http.MediaType)
2018-01-30 09:35:35.918  INFO 14776 --- [main] s.w.s.m.m.a.RequestMappingHandlerMapping : Mapped "{[/decrypt/{name}/{profiles}],methods=[POST]}" onto public java.lang.String org.springframework.cloud.config.server.encryption.EncryptionController.decrypt(java.lang.String,java.lang.String,java.lang.String,org.springframework.http.MediaType)
2018-01-30 09:35:35.918  INFO 14776 --- [main] s.w.s.m.m.a.RequestMappingHandlerMapping : Mapped "{[/decrypt],methods=[POST]}" onto public java.lang.String org.springframework.cloud.config.server.encryption.EncryptionController.decrypt(java.lang.String,org.springframework.http.MediaType)
2018-01-30 09:35:35.919  INFO 14776 --- [main] s.w.s.m.m.a.RequestMappingHandlerMapping : Mapped "{[/encrypt/status],methods=[GET]}" onto public java.util.Map<java.lang.String, java.lang.Object> org.springframework.cloud.config.server.encryption.EncryptionController.status()
2018-01-30 09:35:35.919  INFO 14776 --- [main] s.w.s.m.m.a.RequestMappingHandlerMapping : Mapped "{[/key],methods=[GET]}" onto public java.lang.String org.springframework.cloud.config.server.encryption.EncryptionController.getPublicKey()
2018-01-30 09:35:35.920  INFO 14776 --- [main] s.w.s.m.m.a.RequestMappingHandlerMapping : Mapped "{[/key/{name}/{profiles}],methods=[GET]}" onto public java.lang.String org.springframework.cloud.config.server.encryption.EncryptionController.getPublicKey(java.lang.String,java.lang.String)
2018-01-30 09:35:35.930  INFO 14776 --- [main] s.w.s.m.m.a.RequestMappingHandlerMapping : Mapped "{[/{name}-{profiles}.properties],methods=[GET]}" onto public org.springframework.http.ResponseEntity<java.lang.String> org.springframework.cloud.config.server.environment.EnvironmentController.properties(java.lang.String,java.lang.String,boolean) throws java.io.IOException
2018-01-30 09:35:35.932  INFO 14776 --- [main] s.w.s.m.m.a.RequestMappingHandlerMapping : Mapped "{[/{name}-{profiles}.yml || /{name}-{profiles}.yaml],methods=[GET]}" onto public org.springframework.http.ResponseEntity<java.lang.String> org.springframework.cloud.config.server.environment.EnvironmentController.yaml(java.lang.String,java.lang.String,boolean) throws java.lang.Exception
2018-01-30 09:35:35.933  INFO 14776 --- [main] s.w.s.m.m.a.RequestMappingHandlerMapping : Mapped "{[/{name}/{profiles:.*[^-].*}],methods=[GET]}" onto public org.springframework.cloud.config.environment.Environment org.springframework.cloud.config.server.environment.EnvironmentController.defaultLabel(java.lang.String,java.lang.String)
2018-01-30 09:35:35.933  INFO 14776 --- [main] s.w.s.m.m.a.RequestMappingHandlerMapping : Mapped "{[/{name}/{profiles}/{label:.*}],methods=[GET]}" onto public org.springframework.cloud.config.environment.Environment org.springframework.cloud.config.server.environment.EnvironmentController.labelled(java.lang.String,java.lang.String,java.lang.String)
2018-01-30 09:35:35.934  INFO 14776 --- [main] s.w.s.m.m.a.RequestMappingHandlerMapping : Mapped "{[/{name}-{profiles}.json],methods=[GET]}" onto public org.springframework.http.ResponseEntity<java.lang.String> org.springframework.cloud.config.server.environment.EnvironmentController.jsonProperties(java.lang.String,java.lang.String,boolean) throws java.lang.Exception
2018-01-30 09:35:35.934  INFO 14776 --- [main] s.w.s.m.m.a.RequestMappingHandlerMapping : Mapped "{[/{label}/{name}-{profiles}.yml || /{label}/{name}-{profiles}.yaml],methods=[GET]}" onto public org.springframework.http.ResponseEntity<java.lang.String> org.springframework.cloud.config.server.environment.EnvironmentController.labelledYaml(java.lang.String,java.lang.String,java.lang.String,boolean) throws java.lang.Exception
2018-01-30 09:35:35.934  INFO 14776 --- [main] s.w.s.m.m.a.RequestMappingHandlerMapping : Mapped "{[/{label}/{name}-{profiles}.properties],methods=[GET]}" onto public org.springframework.http.ResponseEntity<java.lang.String> org.springframework.cloud.config.server.environment.EnvironmentController.labelledProperties(java.lang.String,java.lang.String,java.lang.String,boolean) throws java.io.IOException
2018-01-30 09:35:35.935  INFO 14776 --- [main] s.w.s.m.m.a.RequestMappingHandlerMapping : Mapped "{[/{label}/{name}-{profiles}.json],methods=[GET]}" onto public org.springframework.http.ResponseEntity<java.lang.String> org.springframework.cloud.config.server.environment.EnvironmentController.labelledJsonProperties(java.lang.String,java.lang.String,java.lang.String,boolean) throws java.lang.Exception
2018-01-30 09:35:35.941  INFO 14776 --- [main] s.w.s.m.m.a.RequestMappingHandlerMapping : Mapped "{[/{name}/{profile}/{label}/**],methods=[GET],produces=[application/octet-stream]}" onto public synchronized byte[] org.springframework.cloud.config.server.resource.ResourceController.binary(java.lang.String,java.lang.String,java.lang.String,javax.servlet.http.HttpServletRequest) throws java.io.IOException
2018-01-30 09:35:35.941  INFO 14776 --- [main] s.w.s.m.m.a.RequestMappingHandlerMapping : Mapped "{[/{name}/{profile}/{label}/**],methods=[GET]}" onto public java.lang.String org.springframework.cloud.config.server.resource.ResourceController.retrieve(java.lang.String,java.lang.String,java.lang.String,javax.servlet.http.HttpServletRequest,boolean) throws java.io.IOException
2018-01-30 09:35:36.039  INFO 14776 --- [main] o.s.w.s.handler.SimpleUrlHandlerMapping  : Mapped URL path [/webjars/**] onto handler of type [class org.springframework.web.servlet.resource.ResourceHttpRequestHandler]
2018-01-30 09:35:36.040  INFO 14776 --- [main] o.s.w.s.handler.SimpleUrlHandlerMapping  : Mapped URL path [/**] onto handler of type [class org.springframework.web.servlet.resource.ResourceHttpRequestHandler]
2018-01-30 09:35:36.083  INFO 14776 --- [main] o.s.w.s.handler.SimpleUrlHandlerMapping  : Mapped URL path [/**/favicon.ico] onto handler of type [class org.springframework.web.servlet.resource.ResourceHttpRequestHandler]
2018-01-30 09:35:36.976  INFO 14776 --- [main] o.s.j.e.a.AnnotationMBeanExporter        : Registering beans for JMX exposure on startup
2018-01-30 09:35:36.983  INFO 14776 --- [main] o.s.j.e.a.AnnotationMBeanExporter        : Bean with name 'environmentManager' has been autodetected for JMX exposure
2018-01-30 09:35:36.984  INFO 14776 --- [main] o.s.j.e.a.AnnotationMBeanExporter        : Bean with name 'configurationPropertiesRebinder' has been autodetected for JMX exposure
2018-01-30 09:35:36.985  INFO 14776 --- [main] o.s.j.e.a.AnnotationMBeanExporter        : Bean with name 'refreshEndpoint' has been autodetected for JMX exposure
2018-01-30 09:35:36.985  INFO 14776 --- [main] o.s.j.e.a.AnnotationMBeanExporter        : Bean with name 'restartEndpoint' has been autodetected for JMX exposure
2018-01-30 09:35:36.986  INFO 14776 --- [main] o.s.j.e.a.AnnotationMBeanExporter        : Bean with name 'serviceRegistryEndpoint' has been autodetected for JMX exposure
2018-01-30 09:35:36.986  INFO 14776 --- [main] o.s.j.e.a.AnnotationMBeanExporter        : Bean with name 'refreshScope' has been autodetected for JMX exposure
2018-01-30 09:35:36.988  INFO 14776 --- [main] o.s.j.e.a.AnnotationMBeanExporter        : Located managed bean 'environmentManager': registering with JMX server as MBean [org.springframework.cloud.context.environment:name=environmentManager,type=EnvironmentManager]
2018-01-30 09:35:36.999  INFO 14776 --- [main] o.s.j.e.a.AnnotationMBeanExporter        : Located managed bean 'restartEndpoint': registering with JMX server as MBean [org.springframework.cloud.context.restart:name=restartEndpoint,type=RestartEndpoint]
2018-01-30 09:35:37.006  INFO 14776 --- [main] o.s.j.e.a.AnnotationMBeanExporter        : Located managed bean 'serviceRegistryEndpoint': registering with JMX server as MBean [org.springframework.cloud.client.serviceregistry.endpoint:name=serviceRegistryEndpoint,type=ServiceRegistryEndpoint]
2018-01-30 09:35:37.010  INFO 14776 --- [main] o.s.j.e.a.AnnotationMBeanExporter        : Located managed bean 'refreshScope': registering with JMX server as MBean [org.springframework.cloud.context.scope.refresh:name=refreshScope,type=RefreshScope]
2018-01-30 09:35:37.017  INFO 14776 --- [main] o.s.j.e.a.AnnotationMBeanExporter        : Located managed bean 'configurationPropertiesRebinder': registering with JMX server as MBean [org.springframework.cloud.context.properties:name=configurationPropertiesRebinder,context=fc258b1,type=ConfigurationPropertiesRebinder]
2018-01-30 09:35:37.020  INFO 14776 --- [main] o.s.j.e.a.AnnotationMBeanExporter        : Located managed bean 'refreshEndpoint': registering with JMX server as MBean [org.springframework.cloud.endpoint:name=refreshEndpoint,type=RefreshEndpoint]
2018-01-30 09:35:37.134  INFO 14776 --- [main] o.s.c.support.DefaultLifecycleProcessor  : Starting beans in phase 0
2018-01-30 09:35:37.141  INFO 14776 --- [main] o.s.c.n.eureka.InstanceInfoFactory       : Setting initial instance status as: STARTING
2018-01-30 09:35:37.169  INFO 14776 --- [main] com.netflix.discovery.DiscoveryClient    : Initializing Eureka in region us-east-1
2018-01-30 09:35:37.355  INFO 14776 --- [main] c.n.d.provider.DiscoveryJerseyProvider   : Using JSON encoding codec LegacyJacksonJson
2018-01-30 09:35:37.357  INFO 14776 --- [main] c.n.d.provider.DiscoveryJerseyProvider   : Using JSON decoding codec LegacyJacksonJson
2018-01-30 09:35:37.442  INFO 14776 --- [main] c.n.d.provider.DiscoveryJerseyProvider   : Using XML encoding codec XStreamXml
2018-01-30 09:35:37.442  INFO 14776 --- [main] c.n.d.provider.DiscoveryJerseyProvider   : Using XML decoding codec XStreamXml
2018-01-30 09:35:37.577  INFO 14776 --- [main] c.n.d.s.r.aws.ConfigClusterResolver      : Resolving eureka endpoints via configuration
2018-01-30 09:35:37.639  INFO 14776 --- [main] com.netflix.discovery.DiscoveryClient    : Disable delta property : false
2018-01-30 09:35:37.640  INFO 14776 --- [main] com.netflix.discovery.DiscoveryClient    : Single vip registry refresh property : null
2018-01-30 09:35:37.640  INFO 14776 --- [main] com.netflix.discovery.DiscoveryClient    : Force full registry fetch : false
2018-01-30 09:35:37.640  INFO 14776 --- [main] com.netflix.discovery.DiscoveryClient    : Application is null : false
2018-01-30 09:35:37.640  INFO 14776 --- [main] com.netflix.discovery.DiscoveryClient    : Registered Applications size is zero : true
2018-01-30 09:35:37.640  INFO 14776 --- [main] com.netflix.discovery.DiscoveryClient    : Application version is -1: true
2018-01-30 09:35:37.640  INFO 14776 --- [main] com.netflix.discovery.DiscoveryClient    : Getting all instance registry info from the eureka server
2018-01-30 09:35:37.822  INFO 14776 --- [main] com.netflix.discovery.DiscoveryClient    : The response status is 200
2018-01-30 09:35:37.824  INFO 14776 --- [main] com.netflix.discovery.DiscoveryClient    : Starting heartbeat executor: renew interval is: 30
2018-01-30 09:35:37.825  INFO 14776 --- [main] c.n.discovery.InstanceInfoReplicator     : InstanceInfoReplicator onDemand update allowed rate per min is 4
2018-01-30 09:35:37.828  INFO 14776 --- [main] com.netflix.discovery.DiscoveryClient    : Discovery Client initialized at timestamp 1517276137827 with initial instances count: 1
2018-01-30 09:35:37.849  INFO 14776 --- [main] o.s.c.n.e.s.EurekaServiceRegistry        : Registering application config-server with eureka with status UP
2018-01-30 09:35:37.849  INFO 14776 --- [main] com.netflix.discovery.DiscoveryClient    : Saw local status change event StatusChangeEvent [timestamp=1517276137849, current=UP, previous=STARTING]
2018-01-30 09:35:37.851  INFO 14776 --- [DiscoveryClient-InstanceInfoReplicator-0] com.netflix.discovery.DiscoveryClient    : DiscoveryClient_CONFIG-SERVER/10.19.0.24:8765: registering service...
2018-01-30 09:35:37.892  INFO 14776 --- [DiscoveryClient-InstanceInfoReplicator-0] com.netflix.discovery.DiscoveryClient    : DiscoveryClient_CONFIG-SERVER/10.19.0.24:8765 - registration status: 204
2018-01-30 09:35:37.959  INFO 14776 --- [main] .s.c.n.e.s.EurekaAutoServiceRegistration : Updating port to 8765
2018-01-30 09:35:37.962  INFO 14776 --- [main] com.ptae.configserver.Application        : Started Application in 6.257 seconds (JVM running for 6.608)
